[12:41:19 / 14.02.2016]-[TST]-I've slept for 3 seconds.
[13:24:47 / 14.02.2016]-[DBG]-First custom-log output
[13:24:47 / 14.02.2016]-[DBG]-Second custom log output with format values: 999 inbetween 666
[13:24:47 / 14.02.2016]-[DBG]-Trace fn #'SQUARES 
Result: 4
Execution in real-time 0.0000 s and run-time 0.0000 s
[13:24:47 / 14.02.2016]-[DBG]-Trace fn #'SQUARES 
Result: 16
Execution in real-time 0.0010 s and run-time 0.0010 s
[13:24:47 / 14.02.2016]-[DBG]-Trace fn #'SQUARES 
Result: 64
Execution in real-time 0.0010 s and run-time 0.0010 s
[13:24:47 / 14.02.2016]-[DBG]-Log function: (MAPCAR (LAMBDA (X) (* X X)) (APPEND '(1 2 3 4 5) '(4 3 2 1))) = 1 4 9 16 25 16 9 4 1  
Execution in real-time 0.0000 s and run-time 0.0000 s.
[X86-64]-13:24:47-[DBG]-Testing new format template.
[X86-64]-13:24:47-[PRD]-Switching to log-level: DBG
[X86-64]-13:24:47-[DBG]-DEBUG log-output.
[X86-64]-13:24:47-[TST]-INFORMATION log-output.
[X86-64]-13:24:47-[PRD]-WARNING log-output.
[X86-64]-13:24:47-[PRD]-Switching to log-level: TST
[X86-64]-13:24:47-[TST]-INFORMATION log-output.
[X86-64]-13:24:47-[PRD]-WARNING log-output.
[X86-64]-13:24:47-[PRD]-Switching to log-level: PRD
[X86-64]-13:24:47-[PRD]-WARNING log-output.
[13:24:47 / 14.02.2016]-[DBG]-Async-out! Debug...
[13:24:47 / 14.02.2016]-[TST]-Async-out! Information...
[13:24:47 / 14.02.2016]-[PRD]-Async-out! Warning...
[13:24:47 / 14.02.2016]-[TST]-I'm going to sleep...
[13:24:47 / 14.02.2016]-[DBG]-Stack-trace depth: 0 ((FLET SWANK/BACKEND:CALL-WITH-DEBUGGING-ENVIRONMENT :IN "/Users/edward/quicklisp/dists/quicklisp/software/slime-2.14/swank/sbcl.lisp") #<CLOSURE (LAMBDA NIL :IN CSTACK) {100E80F7FB}>) 
1 (CSTACK #S(FLOOD::LOGGER-TYPE :WRITERS (#<FUNCTION STANDARD-WRITER> #<FUNCTION FILE-WRITER>) :FORMATTER #<FUNCTION ASCII-FORMATTER> :TEMPLATE "[$TIME / $DATE]-[$LEVEL]-$MESSAGE") :DBG 4 "Stack-trace d.. (RESTARTABLE
                                                                                                                                                                                                              T) 
2 (MAIN) (RESTARTABLE T) 
3 (SB-INT:SIMPLE-EVAL-IN-LEXENV (MAIN) #<NULL-LEXENV>) 
4 (EVAL (MAIN)) 
5 (INTERACTIVE-EVAL (MAIN) :EVAL NIL) 

[13:24:47 / 14.02.2016]-[DBG]-Memory output:
Dynamic space usage is:   257,286,752 bytes.
Read-only space usage is:      4,976 bytes.
Static space usage is:         3,936 bytes.
Control stack usage is:        2,536 bytes.
Binding stack usage is:          816 bytes.
Control and binding stack usage is for the current thread only.
Garbage collection is currently enabled.

Breakdown for dynamic space:
  62,788,864 bytes for 3,924,304 cons objects.
  46,887,152 bytes for   542,647 instance objects.
  43,271,488 bytes for   300,016 simple-vector objects.
  29,037,920 bytes for   224,969 simple-character-string objects.
  22,221,760 bytes for    32,590 code objects.
  53,079,568 bytes for 1,099,011 other objects.
  257,286,752 bytes for 6,123,537 dynamic objects (space total.)

[13:24:47 / 14.02.2016]-[DBG]-Calling shell-command...
40898 ??         0:00.00 (sbcl)
61808 ??        24:08.72 /usr/local/sbcl-1.3.1-MT/bin/sbcl --core /usr/local/sbcl-1.3.1-MT/lib/sbcl/sbcl.core
79719 ??         0:00.00 (sbcl)
65448 ttys001    0:00.02 rlwrap -c -p RED sbcl
65449 ttys003    0:02.95 sbcl
65450 ttys003    0:00.01 /bin/sh -c ps  -e | grep sbcl
65452 ttys003    0:00.00 grep sbcl

[13:24:48 / 14.02.2016]-[TST]-Zzzzzzz...
[13:24:49 / 14.02.2016]-[TST]-Zzzzzzz...
[13:24:50 / 14.02.2016]-[TST]-Zzzzzzz...
[13:24:51 / 14.02.2016]-[TST]-I've slept for 3 seconds.
