12.33.10--18:01:2016--TST--Error in function 666 / 555
12.36.13--18:01:2016--TST--Error in function 666 / 555
12.36.40--18:01:2016--TST--Error in function 666 / 555
12.42.15--18:01:2016--TST--Error in function 666 / 555
12.42.36--18:01:2016--TST--Error in function 666 / 555
12.43.40--18:01:2016--TST--Error in function 666 / 555
12.44.06--18:01:2016--TST--Error in function 666 / 555
12.44.29--18:01:2016--TST--Error in function 666 / 555
16.57.22--18:01:2016--TST--Error in function 666 / 555
16.57.56--18:01:2016--TST--Error in function 666 / 555
16.58.11--18:01:2016--TST--Error in function 666 / 555
16.59.35--18:01:2016--TST--Error in function 666 / 555
17.00.13--18:01:2016--TST--Error in function 666 / 555
17.02.11--18:01:2016--TST--Error in function 666 / 555
17.03.19--18:01:2016--TST--Error in function 666 / 555
17.03.49--18:01:2016--TST--Error in function 666 / 555
17.04.03--18:01:2016--TST--Error in function 666 / 555
17.04.17--18:01:2016--TST--Error in function 666 / 555
17.04.17--18:01:2016--TST--

17.05.36--18:01:2016--TST--Error in function 666 / 555
17.07.43--18:01:2016--TST--Error in function 666 / 555
17.07.43--18:01:2016--TST--Result(s) in function: 
17.07.43--18:01:2016--TST--Result(s) in function: 
17.07.43--18:01:2016--TST--Result(s) in function: 
17.07.43--18:01:2016--TST--Result(s) in function: 
17.07.43--18:01:2016--TST--Result(s) in function: 
17.08.05--18:01:2016--TST--Error in function 666 / 555
17.08.05--18:01:2016--TST--Result(s) in function: #<FUNCTION FILE-LOGGER>

17.08.05--18:01:2016--TST--Result(s) in function: #<FUNCTION FILE-LOGGER>

17.08.05--18:01:2016--TST--Result(s) in function: #<FUNCTION FILE-LOGGER>

17.08.05--18:01:2016--TST--Result(s) in function: #<FUNCTION FILE-LOGGER>

17.08.05--18:01:2016--TST--Result(s) in function: #<FUNCTION FILE-LOGGER>

17.08.23--18:01:2016--TST--Error in function 666 / 555
17.08.23--18:01:2016--TST--Result(s) in function: #<FUNCTION FILE-LOGGER>
17.08.23--18:01:2016--TST--Result(s) in function: #<FUNCTION FILE-LOGGER>
17.08.23--18:01:2016--TST--Result(s) in function: #<FUNCTION FILE-LOGGER>
17.08.23--18:01:2016--TST--Result(s) in function: #<FUNCTION FILE-LOGGER>
17.08.23--18:01:2016--TST--Result(s) in function: #<FUNCTION FILE-LOGGER>
17.09.09--18:01:2016--TST--Error in function 666 / 555
17.09.44--18:01:2016--TST--Error in function 666 / 555
17.09.59--18:01:2016--TST--Error in function 666 / 555
17.11.07--18:01:2016--TST--Error in function 666 / 555
17.13.50--18:01:2016--TST--Error in function 666 / 555
17.13.50--18:01:2016--TST--Result(s) in function (1 4 9 16 25): 
17.13.50--18:01:2016--TST--Result(s) in function (1 4 9 16 25): 
17.13.50--18:01:2016--TST--Result(s) in function (1 4 9 16 25): 
17.13.50--18:01:2016--TST--Result(s) in function (1 4 9 16 25): 
17.13.50--18:01:2016--TST--Result(s) in function (1 4 9 16 25): 
17.14.09--18:01:2016--TST--Error in function 666 / 555
17.14.09--18:01:2016--TST--Result(s) in function #<FUNCTION FILE-LOGGER>: 
17.14.09--18:01:2016--TST--Result(s) in function #<FUNCTION FILE-LOGGER>: 
17.14.09--18:01:2016--TST--Result(s) in function #<FUNCTION FILE-LOGGER>: 
17.14.09--18:01:2016--TST--Result(s) in function #<FUNCTION FILE-LOGGER>: 
17.14.09--18:01:2016--TST--Result(s) in function #<FUNCTION FILE-LOGGER>: 
17.15.31--18:01:2016--TST--Error in function 666 / 555
17.15.31--18:01:2016--TST--Result(s) in function F: (1 4 9 16 25)
17.15.31--18:01:2016--TST--Result(s) in function F: (1 4 9 16 25)
17.15.31--18:01:2016--TST--Result(s) in function F: (1 4 9 16 25)
17.15.31--18:01:2016--TST--Result(s) in function F: (1 4 9 16 25)
17.15.31--18:01:2016--TST--Result(s) in function F: (1 4 9 16 25)
17.16.05--18:01:2016--TST--Error in function 666 / 555
17.19.18--18:01:2016--TST--Error in function 666 / 555
17.20.17--18:01:2016--TST--Error in function 666 / 555
17.20.17--18:01:2016--TST--Result(s) in function #<FUNCTION FILE-LOGGER>: (1 4
                                                                           9 16
                                                                           25)
17.20.17--18:01:2016--TST--Result(s) in function #<FUNCTION FILE-LOGGER>: (1 4
                                                                           9 16
                                                                           25)
17.20.17--18:01:2016--TST--Result(s) in function #<FUNCTION FILE-LOGGER>: (1 4
                                                                           9 16
                                                                           25)
17.20.17--18:01:2016--TST--Result(s) in function #<FUNCTION FILE-LOGGER>: (1 4
                                                                           9 16
                                                                           25)
17.20.17--18:01:2016--TST--Result(s) in function #<FUNCTION FILE-LOGGER>: (1 4
                                                                           9 16
                                                                           25)
17.21.42--18:01:2016--TST--Error in function 666 / 555
17.21.42--18:01:2016--TST--Result(s) in function #<FUNCTION FILE-LOGGER>: (1 4
                                                                           9 16
                                                                           25)
17.23.48--18:01:2016--TST--Error in function 666 / 555
17.23.48--18:01:2016--TST--Result(s) in function #<FUNCTION FILE-LOGGER>: (1 4
                                                                           9 16
                                                                           25)
17.23.53--18:01:2016--TST--Error in function 666 / 555
17.24.08--18:01:2016--TST--Error in function 666 / 555
17.24.08--18:01:2016--TST--Result(s) in function #<FUNCTION FILE-LOGGER>: (1 4
                                                                           9 16
                                                                           25)
17.24.56--18:01:2016--TST--Error in multiply 666 * 555
17.24.56--18:01:2016--TST--Result(s) in function #<FUNCTION FILE-LOGGER>: (1 4
                                                                           9 16
                                                                           25)
17.27.14--18:01:2016--TST--Error in multiply 666 * 555
17.27.14--18:01:2016--TST--Result(s) in function #<FUNCTION FILE-LOGGER>: (1 4
                                                                           9 16
                                                                           25)
17.27.54--18:01:2016--TST--Error in multiply 666 * 555
17.27.54--18:01:2016--TST--Result(s) in function #<FUNCTION FILE-LOGGER>: (1 4
                                                                           9 16
                                                                           25)
17.28.06--18:01:2016--TST--Error in multiply 666 * 555
17.28.06--18:01:2016--TST--Result(s) in function #<FUNCTION FILE-LOGGER>: (1 4
                                                                           9 16
                                                                           25)
17.28.24--18:01:2016--TST--Error in multiply 666 * 555
17.28.24--18:01:2016--TST--Result(s) in function #<FUNCTION FILE-LOGGER>: (1 4
                                                                           9 16
                                                                           25)
17.28.59--18:01:2016--TST--Error in multiply 666 * 555
17.29.10--18:01:2016--TST--Error in multiply 666 * 555
17.29.10--18:01:2016--TST--Result(s) in function (1 4 9 16 25): A
17.30.11--18:01:2016--TST--Error in multiply 666 * 555
17.30.11--18:01:2016--TST--Result(s) in function (MAPCAR (LAMBDA (X) (* X X))
                                                         '(1 2 3 4 5)): A
17.30.33--18:01:2016--TST--Error in multiply 666 * 555
17.30.33--18:01:2016--TST--Result(s) in function (MAPCAR (LAMBDA (X) (* X X))
                                                         '(1 2 3 4 5)): A
17.30.43--18:01:2016--TST--Error in multiply 666 * 555
17.30.52--18:01:2016--TST--Error in multiply 666 * 555
17.30.52--18:01:2016--TST--Result(s) in function (MAPCAR (LAMBDA (X) (* X X))
                                                         '(1 2 3 4 5)): (1 4 9
                                                                         16 25)
17.31.13--18:01:2016--TST--Error in multiply 666 * 555
17.31.13--18:01:2016--TST--Result(s) in function: (MAPCAR (LAMBDA (X) (* X X))
                                                          '(1 2 3 4 5)) = (1 4
                                                                           9 16
                                                                           25)
17.31.59--18:01:2016--TST--Error in multiply 666 * 555
17.31.59--18:01:2016--TST--Result(s) in function: (MAPCAR (LAMBDA (X) (* X X))
                                                          '(1 2 3 4 5)) = 1491625
17.32.18--18:01:2016--TST--Error in multiply 666 * 555
17.32.18--18:01:2016--TST--Result(s) in function: (MAPCAR (LAMBDA (X) (* X X))
                                                          '(1 2 3 4 5)) = 1 4 9 16 25 
17.32.57--18:01:2016--TST--Error in multiply 666 * 555
17.32.57--18:01:2016--TST--Result(s) in function: (MAPCAR (LAMBDA (X) (* X X))
                                                          (APPEND '(1 2 3 4 5)
                                                                  '(4 3 2 1))) = 1 4 9 16 25 16 9 4 1 
17.33.28--18:01:2016--TST--Error in multiply 666 * 555
17.33.28--18:01:2016--TST--Trace function: (MAPCAR (LAMBDA (X) (* X X))
                                                   (APPEND '(1 2 3 4 5)
                                                           '(4 3 2 1))) = 1 4 9 16 25 16 9 4 1 
17.42.18--18:01:2016--TST--Error in multiply 666 * 555
17.42.18--18:01:2016--TST--Trace function: (MAPCAR (LAMBDA (X) (* X X))
                                                   (APPEND '(1 2 3 4 5)
                                                           '(4 3 2 1))) = 1 4 9 16 25 16 9 4 1 
17.42.37--18:01:2016--TST--Error in multiply 666 * 555
17.42.37--18:01:2016--TST--Trace function: (MAPCAR (LAMBDA (X) (* X X))
                                                   (APPEND '(1 2 3 4 5)
                                                           '(4 3 2 1))) = 1 4 9 16 25 16 9 4 1 
17.45.23--18:01:2016-[TST]-Error in multiply 666 * 555
17.45.23--18:01:2016-[TST]-Trace function: (MAPCAR (LAMBDA (X) (* X X))
                                                   (APPEND '(1 2 3 4 5)
                                                           '(4 3 2 1))) = 1 4 9 16 25 16 9 4 1 
