[12:50:31 / 15.02.2016]-[DBG]-First custom-log output
[12:50:31 / 15.02.2016]-[DBG]-Second custom log output with format values: 999 inbetween 666
[12:50:31 / 15.02.2016]-[DBG]-Trace fn #'SQUARES 
Result: 4
Execution in real-time 0.0000 s and run-time 0.0000 s
[12:50:31 / 15.02.2016]-[DBG]-Trace fn #'SQUARES 
Result: 16
Execution in real-time 0.0010 s and run-time 0.0010 s
[12:50:31 / 15.02.2016]-[DBG]-Trace fn #'SQUARES 
Result: 64
Execution in real-time 0.0010 s and run-time 0.0020 s
[12:50:31 / 15.02.2016]-[DBG]-Log function: (MAPCAR (LAMBDA (X) (* X X)) (APPEND '(1 2 3 4 5) '(4 3 2 1))) = 1 4 9 16 25 16 9 4 1  
Execution in real-time 0.0000 s and run-time 0.0000 s.
[X86-64]-12:50:31-[DBG]-Testing new format template.
[X86-64]-12:50:31-[PRD]-Switching to log-level: DBG
[X86-64]-12:50:31-[DBG]-DEBUG log-output.
[X86-64]-12:50:31-[TST]-INFORMATION log-output.
[X86-64]-12:50:31-[PRD]-WARNING log-output.
[X86-64]-12:50:31-[PRD]-Switching to log-level: TST
[X86-64]-12:50:31-[TST]-INFORMATION log-output.
[X86-64]-12:50:31-[PRD]-WARNING log-output.
[X86-64]-12:50:31-[PRD]-Switching to log-level: PRD
[X86-64]-12:50:31-[PRD]-WARNING log-output.
[12:50:31 / 15.02.2016]-[DBG]-Async-out! Debug...
[12:50:31 / 15.02.2016]-[TST]-Async-out! Information...
[12:50:31 / 15.02.2016]-[PRD]-Async-out! Warning...
[12:50:31 / 15.02.2016]-[TST]-I'm going to sleep...
[12:50:31 / 15.02.2016]-[DBG]-Stack-trace depth: 0 ((FLET SWANK/BACKEND:CALL-WITH-DEBUGGING-ENVIRONMENT :IN "/Users/edward/quicklisp/dists/quicklisp/software/slime-2.14/swank/sbcl.lisp") #<CLOSURE (LAMBDA NIL :IN CSTACK) {1004C8243B}>) 
1 (CSTACK #S(FLOOD::LOGGER-TYPE :WRITERS (#<FUNCTION STANDARD-WRITER> #<FUNCTION FILE-WRITER>) :FORMATTER #<FUNCTION ASCII-FORMATTER> :TEMPLATE "[$TIME / $DATE]-[$LEVEL]-$MESSAGE") :DBG 4 "Stack-trace d.. (RESTARTABLE
                                                                                                                                                                                                              T) 
2 (MAIN) (RESTARTABLE T) 
3 (SB-INT:SIMPLE-EVAL-IN-LEXENV (MAIN) #<NULL-LEXENV>) 
4 (EVAL (MAIN)) 
5 (SWANK::EVAL-REGION "(main) ..) (RESTARTABLE T) 

[12:50:31 / 15.02.2016]-[DBG]-Memory output:
Dynamic space usage is:   124,309,344 bytes.
Read-only space usage is:      4,976 bytes.
Static space usage is:         3,936 bytes.
Control stack usage is:        5,160 bytes.
Binding stack usage is:        1,088 bytes.
Control and binding stack usage is for the current thread only.
Garbage collection is currently enabled.

Breakdown for dynamic space:
  27,667,712 bytes for 1,729,232 cons objects.
  20,782,320 bytes for    29,000 code objects.
  20,539,696 bytes for   198,468 simple-vector objects.
  19,019,008 bytes for   227,409 instance objects.
  15,554,048 bytes for   106,050 simple-character-string objects.
  20,815,472 bytes for   341,435 other objects.
  124,378,256 bytes for 2,631,594 dynamic objects (space total.)

[12:50:32 / 15.02.2016]-[TST]-Zzzzzzz...
[12:50:32 / 15.02.2016]-[DBG]-Calling shell-command...
40898 ??         0:00.00 (sbcl)
73194 ??         2:08.40 /usr/local/sbcl-1.3.1-MT/bin/sbcl --core /usr/local/sbcl-1.3.1-MT/lib/sbcl/sbcl.core
73389 ??         0:04.91 /usr/local/sbcl-1.3.1-MT/bin/sbcl --core /usr/local/sbcl-1.3.1-MT/lib/sbcl/sbcl.core
73410 ??         0:00.00 /bin/sh -c ps -e | grep sbcl
73412 ??         0:00.00 grep sbcl
79719 ??         0:00.00 (sbcl)
71950 ttys001    2:22.31 /Applications/Emacs.app/Contents/MacOS/Emacs-10.7 -q -l /Users/edward/.emacs-ide-sbcl

[12:50:33 / 15.02.2016]-[TST]-Zzzzzzz...
[12:50:34 / 15.02.2016]-[TST]-Zzzzzzz...
[12:50:35 / 15.02.2016]-[TST]-I've slept for 3 seconds.
[12:51:20 / 15.02.2016]-[DBG]-First custom-log output
[12:51:20 / 15.02.2016]-[DBG]-Second custom log output with format values: 999 inbetween 666
[12:51:20 / 15.02.2016]-[DBG]-Trace fn #'SQUARES 
Result: 4
Execution in real-time 0.0000 s and run-time 0.0000 s
[12:51:20 / 15.02.2016]-[DBG]-Trace fn #'SQUARES 
Result: 16
Execution in real-time 0.0000 s and run-time 0.0000 s
[12:51:20 / 15.02.2016]-[DBG]-Trace fn #'SQUARES 
Result: 64
Execution in real-time 0.0010 s and run-time 0.0010 s
[12:51:20 / 15.02.2016]-[DBG]-Log function: (MAPCAR (LAMBDA (X) (* X X)) (APPEND '(1 2 3 4 5) '(4 3 2 1))) = 1 4 9 16 25 16 9 4 1  
Execution in real-time 0.0000 s and run-time 0.0000 s.
[X86-64]-12:51:20-[DBG]-Testing new format template.
[X86-64]-12:51:20-[PRD]-Switching to log-level: DBG
[X86-64]-12:51:20-[DBG]-DEBUG log-output.
[X86-64]-12:51:20-[TST]-INFORMATION log-output.
[X86-64]-12:51:20-[PRD]-WARNING log-output.
[X86-64]-12:51:20-[PRD]-Switching to log-level: TST
[X86-64]-12:51:20-[TST]-INFORMATION log-output.
[X86-64]-12:51:20-[PRD]-WARNING log-output.
[X86-64]-12:51:20-[PRD]-Switching to log-level: PRD
[X86-64]-12:51:20-[PRD]-WARNING log-output.
[12:51:20 / 15.02.2016]-[DBG]-Async-out! Debug...
[12:51:20 / 15.02.2016]-[TST]-Async-out! Information...
[12:51:20 / 15.02.2016]-[PRD]-Async-out! Warning...
[12:51:20 / 15.02.2016]-[TST]-I'm going to sleep...
[12:51:20 / 15.02.2016]-[DBG]-Stack-trace depth: 0 ((FLET SWANK/BACKEND:CALL-WITH-DEBUGGING-ENVIRONMENT :IN "/Users/edward/quicklisp/dists/quicklisp/software/slime-2.14/swank/sbcl.lisp") #<CLOSURE (LAMBDA NIL :IN CSTACK) {100401674B}>) 
1 (CSTACK #S(FLOOD::LOGGER-TYPE :WRITERS (#<FUNCTION STANDARD-WRITER> #<FUNCTION FILE-WRITER>) :FORMATTER #<FUNCTION ASCII-FORMATTER> :TEMPLATE "[$TIME / $DATE]-[$LEVEL]-$MESSAGE") :DBG 4 "Stack-trace d.. (RESTARTABLE
                                                                                                                                                                                                              T) 
2 (MAIN) (RESTARTABLE T) 
3 (SB-INT:SIMPLE-EVAL-IN-LEXENV (MAIN) #<NULL-LEXENV>) 
4 (EVAL (MAIN)) 
5 (SWANK::EVAL-REGION "(main) ..) (RESTARTABLE T) 

[12:51:20 / 15.02.2016]-[DBG]-Memory output:
Dynamic space usage is:   113,535,536 bytes.
Read-only space usage is:      4,976 bytes.
Static space usage is:         3,936 bytes.
Control stack usage is:        5,160 bytes.
Binding stack usage is:        1,088 bytes.
Control and binding stack usage is for the current thread only.
Garbage collection is currently enabled.

Breakdown for dynamic space:
  25,177,664 bytes for 1,573,604 cons objects.
  20,775,952 bytes for    28,989 code objects.
  20,180,368 bytes for   200,814 simple-vector objects.
  16,994,512 bytes for   206,474 instance objects.
  12,383,328 bytes for    85,506 simple-character-string objects.
  18,023,712 bytes for   303,281 other objects.
  113,535,536 bytes for 2,398,668 dynamic objects (space total.)

[12:51:21 / 15.02.2016]-[TST]-Zzzzzzz...
[12:51:21 / 15.02.2016]-[DBG]-Calling shell-command...
40898 ??         0:00.00 (sbcl)
73194 ??         2:09.27 /usr/local/sbcl-1.3.1-MT/bin/sbcl --core /usr/local/sbcl-1.3.1-MT/lib/sbcl/sbcl.core
73418 ??         0:03.72 /usr/local/sbcl-1.3.1-MT/bin/sbcl --core /usr/local/sbcl-1.3.1-MT/lib/sbcl/sbcl.core
73419 ??         0:00.01 /bin/sh -c ps -e | grep sbcl
73421 ??         0:00.00 grep sbcl
79719 ??         0:00.00 (sbcl)
71950 ttys001    2:22.34 /Applications/Emacs.app/Contents/MacOS/Emacs-10.7 -q -l /Users/edward/.emacs-ide-sbcl

[12:51:22 / 15.02.2016]-[TST]-Zzzzzzz...
[12:51:23 / 15.02.2016]-[TST]-Zzzzzzz...
[12:51:24 / 15.02.2016]-[TST]-I've slept for 3 seconds.
[12:51:54 / 15.02.2016]-[DBG]-First custom-log output
[12:51:54 / 15.02.2016]-[DBG]-Second custom log output with format values: 999 inbetween 666
[12:51:54 / 15.02.2016]-[DBG]-Trace fn #'SQUARES 
Result: 4
Execution in real-time 0.0000 s and run-time 0.0000 s
[12:51:54 / 15.02.2016]-[DBG]-Trace fn #'SQUARES 
Result: 16
Execution in real-time 0.0010 s and run-time 0.0010 s
[12:51:54 / 15.02.2016]-[DBG]-Trace fn #'SQUARES 
Result: 64
Execution in real-time 0.0020 s and run-time 0.0010 s
[12:51:54 / 15.02.2016]-[DBG]-Log function: (MAPCAR (LAMBDA (X) (* X X)) (APPEND '(1 2 3 4 5) '(4 3 2 1))) = 1 4 9 16 25 16 9 4 1  
Execution in real-time 0.0000 s and run-time 0.0000 s.
[X86-64]-12:51:54-[DBG]-Testing new format template.
[X86-64]-12:51:54-[PRD]-Switching to log-level: DBG
[X86-64]-12:51:54-[DBG]-DEBUG log-output.
[X86-64]-12:51:54-[TST]-INFORMATION log-output.
[X86-64]-12:51:54-[PRD]-WARNING log-output.
[X86-64]-12:51:54-[PRD]-Switching to log-level: TST
[X86-64]-12:51:54-[TST]-INFORMATION log-output.
[X86-64]-12:51:54-[PRD]-WARNING log-output.
[X86-64]-12:51:54-[PRD]-Switching to log-level: PRD
[X86-64]-12:51:54-[PRD]-WARNING log-output.
[12:51:54 / 15.02.2016]-[DBG]-Async-out! Debug...
[12:51:54 / 15.02.2016]-[TST]-Async-out! Information...
[12:51:54 / 15.02.2016]-[PRD]-Async-out! Warning...
[12:51:54 / 15.02.2016]-[TST]-I'm going to sleep...
[12:51:54 / 15.02.2016]-[DBG]-Stack-trace depth: 0 ((FLET SWANK/BACKEND:CALL-WITH-DEBUGGING-ENVIRONMENT :IN "/Users/edward/quicklisp/dists/quicklisp/software/slime-2.14/swank/sbcl.lisp") #<CLOSURE (LAMBDA NIL :IN CSTACK) {1003816E6B}>) 
1 (CSTACK #S(FLOOD::LOGGER-TYPE :WRITERS (#<FUNCTION STANDARD-WRITER> #<FUNCTION FILE-WRITER>) :FORMATTER #<FUNCTION ASCII-FORMATTER> :TEMPLATE "[$TIME / $DATE]-[$LEVEL]-$MESSAGE") :DBG 4 "Stack-trace d.. (RESTARTABLE
                                                                                                                                                                                                              T) 
2 (MAIN) (RESTARTABLE T) 
3 (SB-INT:SIMPLE-EVAL-IN-LEXENV (MAIN) #<NULL-LEXENV>) 
4 (EVAL (MAIN)) 
5 (SWANK::EVAL-REGION "(main) ..) (RESTARTABLE T) 

[12:51:54 / 15.02.2016]-[DBG]-Memory output:
Dynamic space usage is:   105,910,112 bytes.
Read-only space usage is:      4,976 bytes.
Static space usage is:         3,936 bytes.
Control stack usage is:        5,160 bytes.
Binding stack usage is:        1,088 bytes.
Control and binding stack usage is for the current thread only.
Garbage collection is currently enabled.

Breakdown for dynamic space:
  23,663,392 bytes for 1,478,962 cons objects.
  20,771,344 bytes for    28,976 code objects.
  18,665,776 bytes for   195,463 simple-vector objects.
  16,560,240 bytes for   199,577 instance objects.
  10,203,168 bytes for    68,648 simple-character-string objects.
  16,046,192 bytes for   272,808 other objects.
  105,910,112 bytes for 2,244,434 dynamic objects (space total.)

[12:51:55 / 15.02.2016]-[TST]-Zzzzzzz...
[12:51:55 / 15.02.2016]-[DBG]-Calling shell-command...
40898 ??         0:00.00 (sbcl)
73194 ??         2:09.85 /usr/local/sbcl-1.3.1-MT/bin/sbcl --core /usr/local/sbcl-1.3.1-MT/lib/sbcl/sbcl.core
73422 ??         0:03.26 /usr/local/sbcl-1.3.1-MT/bin/sbcl --core /usr/local/sbcl-1.3.1-MT/lib/sbcl/sbcl.core
73423 ??         0:00.01 /bin/sh -c ps -e | grep sbcl
73425 ??         0:00.00 grep sbcl
79719 ??         0:00.00 (sbcl)
71950 ttys001    2:22.36 /Applications/Emacs.app/Contents/MacOS/Emacs-10.7 -q -l /Users/edward/.emacs-ide-sbcl

[12:51:56 / 15.02.2016]-[TST]-Zzzzzzz...
[12:51:57 / 15.02.2016]-[TST]-Zzzzzzz...
[12:51:58 / 15.02.2016]-[TST]-I've slept for 3 seconds.
